  about_panel.cxx
  align_widget.cxx
  alignment_panel.cxx
  code.cxx
  CodeEditor.cxx
  factory.cxx
  file.cxx
  Fl_Function_Type.cxx
  Fl_Group_Type.cxx
  Fl_Menu_Type.cxx
  Fl_Type.cxx
  Fl_Widget_Type.cxx
  Fl_Window_Type.cxx
  fluid.cxx
  Fluid_Image.cxx
  function_panel.cxx
  template_panel.cxx
  undo.cxx
  widget_panel.cxx
  Generating Code...
  fluid.vcxproj -> C:\Users\huili\Desktop\Animation\csci520-assignment2-startercode-2013\csci520-assignment2-startercode\fltk-1.3.2\ide\VisualC2010\..\..\fluid\fluidd.exe
